<?xml version="1.0" encoding="UTF-8"?>
<!-- Generated by org.testng.reporters.JUnitReportReporter -->
<testsuite skipped="0" hostname="ADMINs-MacBook-Air-2.local" name="test.newClass" tests="3" failures="0" timestamp="2020-10-01T14:21:58 IST" time="0.009" errors="0">
  <testcase name="MobileAndroidlogin" time="0.002" classname="test.newClass"/>
  <system-out/>
  <testcase name="MobileiOSlogin" time="0.003" classname="test.newClass"/>
  <system-out/>
  <testcase name="Weblogin" time="0.004" classname="test.newClass"/>
  <system-out/>
</testsuite> <!-- test.newClass -->
