<?xml version="1.0" encoding="UTF-8"?>
<!-- Generated by org.testng.reporters.JUnitReportReporter -->
<testsuite skipped="0" hostname="ADMINs-MacBook-Air-2.local" name="test.ThirdClass" tests="3" failures="0" timestamp="2020-10-01T22:55:18 IST" time="0.005" errors="0">
  <testcase name="Apilogin" time="0.002" classname="test.ThirdClass"/>
  <system-out/>
  <testcase name="MobileAndroidApilogin" time="0.001" classname="test.ThirdClass"/>
  <system-out/>
  <testcase name="WebApilogin" time="0.002" classname="test.ThirdClass"/>
  <system-out/>
</testsuite> <!-- test.ThirdClass -->
