<?xml version="1.0" encoding="UTF-8"?>
<!-- Generated by org.testng.reporters.JUnitReportReporter -->
<testsuite skipped="0" hostname="ADMINs-MacBook-Air-2.local" name="test1.Test11" tests="2" failures="0" timestamp="2020-10-01T22:55:28 IST" time="0.003" errors="0">
  <testcase name="First" time="0.002" classname="test1.Test11"/>
  <system-out/>
  <testcase name="First" time="0.001" classname="test1.Test11"/>
  <system-out/>
</testsuite> <!-- test1.Test11 -->
