<?xml version="1.0" encoding="UTF-8"?>
<!-- Generated by org.testng.reporters.JUnitReportReporter -->
<testsuite skipped="0" hostname="ADMINs-MacBook-Air-2.local" name="test.First" tests="1" failures="0" timestamp="2020-10-01T22:55:23 IST" time="0.007" errors="0">
  <testcase name="ThirdTest" time="0.007" classname="test.First"/>
  <system-out/>
</testsuite> <!-- test.First -->
